  pch.cpp
  OpenCV热身运动.cpp
f:\data\github\work\opencv热身运动\opencv热身运动\opencv热身运动.cpp(14): error C2259: “cv::FastFeatureDetector”: 不能实例化抽象类
  f:\data\github\work\opencv热身运动\opencv热身运动\opencv热身运动.cpp(14): note: 由于下列成员:
  f:\data\github\work\opencv热身运动\opencv热身运动\opencv热身运动.cpp(14): note: “void cv::FastFeatureDetector::setThreshold(int)”: 是抽象的
  f:\opencv\opencv\build\include\opencv2\features2d.hpp(450): note: 参见“cv::FastFeatureDetector::setThreshold”的声明
  f:\data\github\work\opencv热身运动\opencv热身运动\opencv热身运动.cpp(14): note: “int cv::FastFeatureDetector::getThreshold(void) const”: 是抽象的
  f:\opencv\opencv\build\include\opencv2\features2d.hpp(451): note: 参见“cv::FastFeatureDetector::getThreshold”的声明
  f:\data\github\work\opencv热身运动\opencv热身运动\opencv热身运动.cpp(14): note: “void cv::FastFeatureDetector::setNonmaxSuppression(bool)”: 是抽象的
  f:\opencv\opencv\build\include\opencv2\features2d.hpp(453): note: 参见“cv::FastFeatureDetector::setNonmaxSuppression”的声明
  f:\data\github\work\opencv热身运动\opencv热身运动\opencv热身运动.cpp(14): note: “bool cv::FastFeatureDetector::getNonmaxSuppression(void) const”: 是抽象的
  f:\opencv\opencv\build\include\opencv2\features2d.hpp(454): note: 参见“cv::FastFeatureDetector::getNonmaxSuppression”的声明
  f:\data\github\work\opencv热身运动\opencv热身运动\opencv热身运动.cpp(14): note: “void cv::FastFeatureDetector::setType(cv::FastFeatureDetector::DetectorType)”: 是抽象的
  f:\opencv\opencv\build\include\opencv2\features2d.hpp(456): note: 参见“cv::FastFeatureDetector::setType”的声明
  f:\data\github\work\opencv热身运动\opencv热身运动\opencv热身运动.cpp(14): note: “cv::FastFeatureDetector::DetectorType cv::FastFeatureDetector::getType(void) const”: 是抽象的
  f:\opencv\opencv\build\include\opencv2\features2d.hpp(457): note: 参见“cv::FastFeatureDetector::getType”的声明
f:\data\github\work\opencv热身运动\opencv热身运动\opencv热身运动.cpp(14): error C2664: “cv::FastFeatureDetector::FastFeatureDetector(cv::FastFeatureDetector &&)”: 无法将参数 1 从“int”转换为“const cv::FastFeatureDetector &”
  f:\data\github\work\opencv热身运动\opencv热身运动\opencv热身运动.cpp(14): note: 原因如下: 无法从“int”转换为“const cv::FastFeatureDetector”
  f:\data\github\work\opencv热身运动\opencv热身运动\opencv热身运动.cpp(14): note: 无构造函数可以接受源类型，或构造函数重载决策不明确
f:\data\github\work\opencv热身运动\opencv热身运动\opencv热身运动.cpp(16): error C2065: “img1”: 未声明的标识符
f:\data\github\work\opencv热身运动\opencv热身运动\opencv热身运动.cpp(19): error C2065: “SurfDescriptorExtractor”: 未声明的标识符
f:\data\github\work\opencv热身运动\opencv热身运动\opencv热身运动.cpp(19): error C2146: 语法错误: 缺少“;”(在标识符“extractor”的前面)
f:\data\github\work\opencv热身运动\opencv热身运动\opencv热身运动.cpp(19): error C2065: “extractor”: 未声明的标识符
f:\data\github\work\opencv热身运动\opencv热身运动\opencv热身运动.cpp(21): error C2065: “extractor”: 未声明的标识符
f:\data\github\work\opencv热身运动\opencv热身运动\opencv热身运动.cpp(21): error C2065: “img1”: 未声明的标识符
f:\data\github\work\opencv热身运动\opencv热身运动\opencv热身运动.cpp(22): error C2065: “extractor”: 未声明的标识符
f:\data\github\work\opencv热身运动\opencv热身运动\opencv热身运动.cpp(24): error C2065: “BruteForceMatcher”: 未声明的标识符
f:\data\github\work\opencv热身运动\opencv热身运动\opencv热身运动.cpp(24): error C2275: “cv::L2<float>”: 将此类型用作表达式非法
  f:\data\github\work\opencv热身运动\opencv热身运动\opencv热身运动.cpp(24): note: 参见“cv::L2<float>”的声明
f:\data\github\work\opencv热身运动\opencv热身运动\opencv热身运动.cpp(24): error C2065: “matcher”: 未声明的标识符
f:\data\github\work\opencv热身运动\opencv热身运动\opencv热身运动.cpp(26): error C2065: “matcher”: 未声明的标识符
f:\data\github\work\opencv热身运动\opencv热身运动\opencv热身运动.cpp(30): error C2065: “img1”: 未声明的标识符
